<?xml version="1.0" encoding="UTF-8"?>
<coverage generated="1646882036883" clover="3.2.0">
  <project timestamp="1646882036883" name="All files">
    <metrics statements="9" coveredstatements="4" conditionals="0" coveredconditionals="0" methods="1" coveredmethods="0" elements="10" coveredelements="4" complexity="0" loc="9" ncloc="9" packages="1" files="1" classes="1"/>
    <file name="login.js" path="C:\Users\danie\vscode\projects\4353\FuelPredictor\routes\login.js">
      <metrics statements="9" coveredstatements="4" conditionals="0" coveredconditionals="0" methods="1" coveredmethods="0"/>
      <line num="1" count="1" type="stmt"/>
      <line num="2" count="1" type="stmt"/>
      <line num="4" count="1" type="stmt"/>
      <line num="5" count="0" type="stmt"/>
      <line num="6" count="0" type="stmt"/>
      <line num="7" count="0" type="stmt"/>
      <line num="8" count="0" type="stmt"/>
      <line num="10" count="0" type="stmt"/>
      <line num="13" count="1" type="stmt"/>
    </file>
  </project>
</coverage>
