{"E:\\COSC4353\\hw2\\FuelPredictor-unit-testing-backend_dat3ngy\\public\\history.js": {"path":"E:\\COSC4353\\hw2\\FuelPredictor-unit-testing-backend_dat3ngy\\public\\history.js","statementMap":{"0":{"start":{"line":3,"column":19},"end":{"line":3,"column":65}},"1":{"start":{"line":4,"column":18},"end":{"line":4,"column":62}},"2":{"start":{"line":5,"column":4},"end":{"line":5,"column":25}},"3":{"start":{"line":6,"column":16},"end":{"line":6,"column":40}},"4":{"start":{"line":7,"column":4},"end":{"line":15,"column":5}},"5":{"start":{"line":8,"column":25},"end":{"line":11,"column":10}},"6":{"start":{"line":12,"column":8},"end":{"line":12,"column":70}},"7":{"start":{"line":14,"column":8},"end":{"line":14,"column":33}},"8":{"start":{"line":20,"column":4},"end":{"line":36,"column":5}},"9":{"start":{"line":21,"column":25},"end":{"line":24,"column":10}},"10":{"start":{"line":25,"column":22},"end":{"line":25,"column":43}},"11":{"start":{"line":26,"column":8},"end":{"line":33,"column":9}},"12":{"start":{"line":27,"column":22},"end":{"line":27,"column":53}},"13":{"start":{"line":28,"column":12},"end":{"line":28,"column":31}},"14":{"start":{"line":29,"column":12},"end":{"line":29,"column":47}},"15":{"start":{"line":30,"column":12},"end":{"line":32,"column":13}},"16":{"start":{"line":30,"column":25},"end":{"line":30,"column":26}},"17":{"start":{"line":31,"column":16},"end":{"line":31,"column":217}},"18":{"start":{"line":35,"column":8},"end":{"line":35,"column":33}},"19":{"start":{"line":40,"column":0},"end":{"line":40,"column":30}}},"fnMap":{"0":{"name":"gallonCal","decl":{"start":{"line":2,"column":15},"end":{"line":2,"column":24}},"loc":{"start":{"line":2,"column":26},"end":{"line":16,"column":1}},"line":2},"1":{"name":"fuelQuoteHist","decl":{"start":{"line":19,"column":15},"end":{"line":19,"column":28}},"loc":{"start":{"line":19,"column":31},"end":{"line":37,"column":1}},"line":19}},"branchMap":{"0":{"loc":{"start":{"line":26,"column":8},"end":{"line":33,"column":9}},"type":"if","locations":[{"start":{"line":26,"column":8},"end":{"line":33,"column":9}},{"start":{},"end":{}}],"line":26}},"s":{"0":0,"1":0,"2":0,"3":0,"4":0,"5":0,"6":0,"7":0,"8":0,"9":0,"10":0,"11":0,"12":0,"13":0,"14":0,"15":0,"16":0,"17":0,"18":0,"19":1},"f":{"0":0,"1":0},"b":{"0":[0,0]},"_coverageSchema":"1a1c01bbd47fc00a2c39e90264f33305004495a9","hash":"d547d5345d7157a3629ae1ad4a235913b79497dc"}
}
