{"C:\\Users\\danie\\vscode\\projects\\4353\\FuelPredictor\\app.js": {"path":"C:\\Users\\danie\\vscode\\projects\\4353\\FuelPredictor\\app.js","statementMap":{"0":{"start":{"line":2,"column":16},"end":{"line":2,"column":34}},"1":{"start":{"line":3,"column":12},"end":{"line":3,"column":21}},"2":{"start":{"line":6,"column":0},"end":{"line":6,"column":46}},"3":{"start":{"line":7,"column":0},"end":{"line":7,"column":23}},"4":{"start":{"line":8,"column":0},"end":{"line":10,"column":3}},"5":{"start":{"line":13,"column":0},"end":{"line":15,"column":2}},"6":{"start":{"line":14,"column":4},"end":{"line":14,"column":51}},"7":{"start":{"line":18,"column":23},"end":{"line":18,"column":51}},"8":{"start":{"line":19,"column":0},"end":{"line":19,"column":36}},"9":{"start":{"line":22,"column":20},"end":{"line":22,"column":45}},"10":{"start":{"line":23,"column":0},"end":{"line":23,"column":30}},"11":{"start":{"line":26,"column":25},"end":{"line":26,"column":62}},"12":{"start":{"line":27,"column":0},"end":{"line":27,"column":37}},"13":{"start":{"line":29,"column":0},"end":{"line":29,"column":20}}},"fnMap":{"0":{"name":"(anonymous_0)","decl":{"start":{"line":13,"column":13},"end":{"line":13,"column":14}},"loc":{"start":{"line":13,"column":27},"end":{"line":15,"column":1}},"line":13}},"branchMap":{},"s":{"0":1,"1":1,"2":1,"3":1,"4":1,"5":1,"6":0,"7":1,"8":1,"9":1,"10":1,"11":1,"12":1,"13":1},"f":{"0":0},"b":{},"_coverageSchema":"1a1c01bbd47fc00a2c39e90264f33305004495a9","hash":"2ccbe631411edc3e64738e30b497d61d54b79521"}
,"C:\\Users\\danie\\vscode\\projects\\4353\\FuelPredictor\\routes\\login.js": {"path":"C:\\Users\\danie\\vscode\\projects\\4353\\FuelPredictor\\routes\\login.js","statementMap":{"0":{"start":{"line":1,"column":16},"end":{"line":1,"column":34}},"1":{"start":{"line":2,"column":15},"end":{"line":2,"column":31}},"2":{"start":{"line":4,"column":0},"end":{"line":11,"column":2}},"3":{"start":{"line":5,"column":4},"end":{"line":5,"column":24}},"4":{"start":{"line":6,"column":4},"end":{"line":6,"column":40}},"5":{"start":{"line":7,"column":4},"end":{"line":7,"column":20}},"6":{"start":{"line":8,"column":4},"end":{"line":8,"column":42}},"7":{"start":{"line":9,"column":4},"end":{"line":9,"column":51}},"8":{"start":{"line":10,"column":4},"end":{"line":10,"column":14}},"9":{"start":{"line":13,"column":0},"end":{"line":13,"column":23}}},"fnMap":{"0":{"name":"(anonymous_0)","decl":{"start":{"line":4,"column":17},"end":{"line":4,"column":18}},"loc":{"start":{"line":4,"column":31},"end":{"line":11,"column":1}},"line":4}},"branchMap":{},"s":{"0":2,"1":2,"2":2,"3":0,"4":0,"5":0,"6":0,"7":0,"8":0,"9":2},"f":{"0":0},"b":{},"_coverageSchema":"1a1c01bbd47fc00a2c39e90264f33305004495a9","hash":"90a677114d0ca39ab26acc35ad505847ebc54fd9"}
,"C:\\Users\\danie\\vscode\\projects\\4353\\FuelPredictor\\routes\\profileManagement.js": {"path":"C:\\Users\\danie\\vscode\\projects\\4353\\FuelPredictor\\routes\\profileManagement.js","statementMap":{"0":{"start":{"line":1,"column":16},"end":{"line":1,"column":34}},"1":{"start":{"line":2,"column":15},"end":{"line":2,"column":31}},"2":{"start":{"line":4,"column":0},"end":{"line":19,"column":2}},"3":{"start":{"line":5,"column":4},"end":{"line":5,"column":32}},"4":{"start":{"line":6,"column":4},"end":{"line":6,"column":58}},"5":{"start":{"line":7,"column":4},"end":{"line":7,"column":32}},"6":{"start":{"line":8,"column":4},"end":{"line":8,"column":58}},"7":{"start":{"line":9,"column":4},"end":{"line":9,"column":32}},"8":{"start":{"line":10,"column":4},"end":{"line":10,"column":58}},"9":{"start":{"line":11,"column":4},"end":{"line":11,"column":24}},"10":{"start":{"line":12,"column":4},"end":{"line":12,"column":49}},"11":{"start":{"line":13,"column":4},"end":{"line":13,"column":26}},"12":{"start":{"line":14,"column":4},"end":{"line":14,"column":51}},"13":{"start":{"line":15,"column":4},"end":{"line":15,"column":30}},"14":{"start":{"line":16,"column":4},"end":{"line":16,"column":56}},"15":{"start":{"line":18,"column":4},"end":{"line":18,"column":51}},"16":{"start":{"line":21,"column":0},"end":{"line":21,"column":23}}},"fnMap":{"0":{"name":"(anonymous_0)","decl":{"start":{"line":4,"column":17},"end":{"line":4,"column":18}},"loc":{"start":{"line":4,"column":31},"end":{"line":19,"column":1}},"line":4}},"branchMap":{},"s":{"0":1,"1":1,"2":1,"3":0,"4":0,"5":0,"6":0,"7":0,"8":0,"9":0,"10":0,"11":0,"12":0,"13":0,"14":0,"15":0,"16":1},"f":{"0":0},"b":{},"_coverageSchema":"1a1c01bbd47fc00a2c39e90264f33305004495a9","hash":"acad553d5fd768606f171874e8f35cd33b0b540a"}
,"C:\\Users\\danie\\vscode\\projects\\4353\\FuelPredictor\\routes\\register.js": {"path":"C:\\Users\\danie\\vscode\\projects\\4353\\FuelPredictor\\routes\\register.js","statementMap":{"0":{"start":{"line":1,"column":16},"end":{"line":1,"column":34}},"1":{"start":{"line":2,"column":15},"end":{"line":2,"column":31}},"2":{"start":{"line":4,"column":0},"end":{"line":19,"column":2}},"3":{"start":{"line":5,"column":4},"end":{"line":5,"column":24}},"4":{"start":{"line":6,"column":4},"end":{"line":6,"column":47}},"5":{"start":{"line":7,"column":4},"end":{"line":7,"column":20}},"6":{"start":{"line":8,"column":4},"end":{"line":8,"column":49}},"7":{"start":{"line":9,"column":4},"end":{"line":9,"column":28}},"8":{"start":{"line":10,"column":4},"end":{"line":10,"column":61}},"9":{"start":{"line":11,"column":4},"end":{"line":11,"column":66}},"10":{"start":{"line":13,"column":4},"end":{"line":18,"column":5}},"11":{"start":{"line":14,"column":8},"end":{"line":14,"column":59}},"12":{"start":{"line":17,"column":8},"end":{"line":17,"column":69}},"13":{"start":{"line":21,"column":0},"end":{"line":21,"column":23}}},"fnMap":{"0":{"name":"(anonymous_0)","decl":{"start":{"line":4,"column":17},"end":{"line":4,"column":18}},"loc":{"start":{"line":4,"column":31},"end":{"line":19,"column":1}},"line":4}},"branchMap":{"0":{"loc":{"start":{"line":13,"column":4},"end":{"line":18,"column":5}},"type":"if","locations":[{"start":{"line":13,"column":4},"end":{"line":18,"column":5}},{"start":{"line":16,"column":9},"end":{"line":18,"column":5}}],"line":13}},"s":{"0":1,"1":1,"2":1,"3":0,"4":0,"5":0,"6":0,"7":0,"8":0,"9":0,"10":0,"11":0,"12":0,"13":1},"f":{"0":0},"b":{"0":[0,0]},"_coverageSchema":"1a1c01bbd47fc00a2c39e90264f33305004495a9","hash":"045f7b2c9bc7b3aa0ec03d8cc0744e4706ba9d68"}
}
